This is pdfTeX, Version 3.14159265-2.6-1.40.21 (TeX Live 2020) (preloaded format=pdflatex 2021.3.22)  30 MAY 2021 17:33
entering extended mode
 restricted \write18 enabled.
 %&-line parsing enabled.
**INFORMEFINAL_SARDAUSTRAL_LOSLAGOS.tex
(./INFORMEFINAL_SARDAUSTRAL_LOSLAGOS.tex
LaTeX2e <2020-10-01> patch level 4
L3 programming layer <2021-02-18>
(/Users/mariajosezunigabasualto/Library/TinyTeX/texmf-dist/tex/latex/base/artic
le.cls
Document Class: article 2020/04/10 v1.4m Standard LaTeX document class

(/Users/mariajosezunigabasualto/Library/TinyTeX/texmf-dist/tex/latex/base/size1
0.clo
File: size10.clo 2020/04/10 v1.4m Standard LaTeX file (size option)
)
\c@part=\count179
\c@section=\count180
\c@subsection=\count181
\c@subsubsection=\count182
\c@paragraph=\count183
\c@subparagraph=\count184
\c@figure=\count185
\c@table=\count186
\abovecaptionskip=\skip47
\belowcaptionskip=\skip48
\bibindent=\dimen138
)
(/Users/mariajosezunigabasualto/Library/TinyTeX/texmf-dist/tex/latex/lm/lmodern
.sty
Package: lmodern 2009/10/30 v1.6 Latin Modern Fonts
LaTeX Font Info:    Overwriting symbol font `operators' in version `normal'
(Font)                  OT1/cmr/m/n --> OT1/lmr/m/n on input line 22.
LaTeX Font Info:    Overwriting symbol font `letters' in version `normal'
(Font)                  OML/cmm/m/it --> OML/lmm/m/it on input line 23.
LaTeX Font Info:    Overwriting symbol font `symbols' in version `normal'
(Font)                  OMS/cmsy/m/n --> OMS/lmsy/m/n on input line 24.
LaTeX Font Info:    Overwriting symbol font `largesymbols' in version `normal'
(Font)                  OMX/cmex/m/n --> OMX/lmex/m/n on input line 25.
LaTeX Font Info:    Overwriting symbol font `operators' in version `bold'
(Font)                  OT1/cmr/bx/n --> OT1/lmr/bx/n on input line 26.
LaTeX Font Info:    Overwriting symbol font `letters' in version `bold'
(Font)                  OML/cmm/b/it --> OML/lmm/b/it on input line 27.
LaTeX Font Info:    Overwriting symbol font `symbols' in version `bold'
(Font)                  OMS/cmsy/b/n --> OMS/lmsy/b/n on input line 28.
LaTeX Font Info:    Overwriting symbol font `largesymbols' in version `bold'
(Font)                  OMX/cmex/m/n --> OMX/lmex/m/n on input line 29.
LaTeX Font Info:    Overwriting math alphabet `\mathbf' in version `normal'
(Font)                  OT1/cmr/bx/n --> OT1/lmr/bx/n on input line 31.
LaTeX Font Info:    Overwriting math alphabet `\mathsf' in version `normal'
(Font)                  OT1/cmss/m/n --> OT1/lmss/m/n on input line 32.
LaTeX Font Info:    Overwriting math alphabet `\mathit' in version `normal'
(Font)                  OT1/cmr/m/it --> OT1/lmr/m/it on input line 33.
LaTeX Font Info:    Overwriting math alphabet `\mathtt' in version `normal'
(Font)                  OT1/cmtt/m/n --> OT1/lmtt/m/n on input line 34.
LaTeX Font Info:    Overwriting math alphabet `\mathbf' in version `bold'
(Font)                  OT1/cmr/bx/n --> OT1/lmr/bx/n on input line 35.
LaTeX Font Info:    Overwriting math alphabet `\mathsf' in version `bold'
(Font)                  OT1/cmss/bx/n --> OT1/lmss/bx/n on input line 36.
LaTeX Font Info:    Overwriting math alphabet `\mathit' in version `bold'
(Font)                  OT1/cmr/bx/it --> OT1/lmr/bx/it on input line 37.
LaTeX Font Info:    Overwriting math alphabet `\mathtt' in version `bold'
(Font)                  OT1/cmtt/m/n --> OT1/lmtt/m/n on input line 38.
)
(/Users/mariajosezunigabasualto/Library/TinyTeX/texmf-dist/tex/latex/amsfonts/a
mssymb.sty
Package: amssymb 2013/01/14 v3.01 AMS font symbols

(/Users/mariajosezunigabasualto/Library/TinyTeX/texmf-dist/tex/latex/amsfonts/a
msfonts.sty
Package: amsfonts 2013/01/14 v3.01 Basic AMSFonts support
\@emptytoks=\toks15
\symAMSa=\mathgroup4
\symAMSb=\mathgroup5
LaTeX Font Info:    Redeclaring math symbol \hbar on input line 98.
LaTeX Font Info:    Overwriting math alphabet `\mathfrak' in version `bold'
(Font)                  U/euf/m/n --> U/euf/b/n on input line 106.
))
(/Users/mariajosezunigabasualto/Library/TinyTeX/texmf-dist/tex/latex/amsmath/am
smath.sty
Package: amsmath 2020/09/23 v2.17i AMS math features
\@mathmargin=\skip49
For additional information on amsmath, use the `?' option.

(/Users/mariajosezunigabasualto/Library/TinyTeX/texmf-dist/tex/latex/amsmath/am
stext.sty
Package: amstext 2000/06/29 v2.01 AMS text

(/Users/mariajosezunigabasualto/Library/TinyTeX/texmf-dist/tex/latex/amsmath/am
sgen.sty
File: amsgen.sty 1999/11/30 v2.0 generic functions
\@emptytoks=\toks16
\ex@=\dimen139
))
(/Users/mariajosezunigabasualto/Library/TinyTeX/texmf-dist/tex/latex/amsmath/am
sbsy.sty
Package: amsbsy 1999/11/29 v1.2d Bold Symbols
\pmbraise@=\dimen140
)
(/Users/mariajosezunigabasualto/Library/TinyTeX/texmf-dist/tex/latex/amsmath/am
sopn.sty
Package: amsopn 2016/03/08 v2.02 operator names
)
\inf@bad=\count187
LaTeX Info: Redefining \frac on input line 234.
\uproot@=\count188
\leftroot@=\count189
LaTeX Info: Redefining \overline on input line 399.
\classnum@=\count190
\DOTSCASE@=\count191
LaTeX Info: Redefining \ldots on input line 496.
LaTeX Info: Redefining \dots on input line 499.
LaTeX Info: Redefining \cdots on input line 620.
\Mathstrutbox@=\box47
\strutbox@=\box48
\big@size=\dimen141
LaTeX Font Info:    Redeclaring font encoding OML on input line 743.
LaTeX Font Info:    Redeclaring font encoding OMS on input line 744.
\macc@depth=\count192
\c@MaxMatrixCols=\count193
\dotsspace@=\muskip16
\c@parentequation=\count194
\dspbrk@lvl=\count195
\tag@help=\toks17
\row@=\count196
\column@=\count197
\maxfields@=\count198
\andhelp@=\toks18
\eqnshift@=\dimen142
\alignsep@=\dimen143
\tagshift@=\dimen144
\tagwidth@=\dimen145
\totwidth@=\dimen146
\lineht@=\dimen147
\@envbody=\toks19
\multlinegap=\skip50
\multlinetaggap=\skip51
\mathdisplay@stack=\toks20
LaTeX Info: Redefining \[ on input line 2923.
LaTeX Info: Redefining \] on input line 2924.
)
(/Users/mariajosezunigabasualto/Library/TinyTeX/texmf-dist/tex/generic/iftex/if
xetex.sty
Package: ifxetex 2019/10/25 v0.7 ifxetex legacy package. Use iftex instead.

(/Users/mariajosezunigabasualto/Library/TinyTeX/texmf-dist/tex/generic/iftex/if
tex.sty
Package: iftex 2020/03/06 v1.0d TeX engine tests
))
(/Users/mariajosezunigabasualto/Library/TinyTeX/texmf-dist/tex/generic/iftex/if
luatex.sty
Package: ifluatex 2019/10/25 v1.5 ifluatex legacy package. Use iftex instead.
)
(/Users/mariajosezunigabasualto/Library/TinyTeX/texmf-dist/tex/latex/base/fonte
nc.sty
Package: fontenc 2020/08/10 v2.0s Standard LaTeX package
LaTeX Font Info:    Trying to load font information for T1+lmr on input line 11
2.

(/Users/mariajosezunigabasualto/Library/TinyTeX/texmf-dist/tex/latex/lm/t1lmr.f
d
File: t1lmr.fd 2009/10/30 v1.6 Font defs for Latin Modern
))
(/Users/mariajosezunigabasualto/Library/TinyTeX/texmf-dist/tex/latex/base/input
enc.sty
Package: inputenc 2020/08/01 v1.3d Input encoding file
\inpenc@prehook=\toks21
\inpenc@posthook=\toks22
)
(/Users/mariajosezunigabasualto/Library/TinyTeX/texmf-dist/tex/latex/base/textc
omp.sty
Package: textcomp 2020/02/02 v2.0n Standard LaTeX package
)
(/Users/mariajosezunigabasualto/Library/TinyTeX/texmf-dist/tex/latex/parskip/pa
rskip.sty
Package: parskip 2021-03-14 v2.0h non-zero parskip adjustments

(/Users/mariajosezunigabasualto/Library/TinyTeX/texmf-dist/tex/latex/kvoptions/
kvoptions.sty
Package: kvoptions 2020-10-07 v3.14 Key value format for package options (HO)

(/Users/mariajosezunigabasualto/Library/TinyTeX/texmf-dist/tex/latex/graphics/k
eyval.sty
Package: keyval 2014/10/28 v1.15 key=value parser (DPC)
\KV@toks@=\toks23
)
(/Users/mariajosezunigabasualto/Library/TinyTeX/texmf-dist/tex/generic/ltxcmds/
ltxcmds.sty
Package: ltxcmds 2020-05-10 v1.25 LaTeX kernel commands for general use (HO)
)
(/Users/mariajosezunigabasualto/Library/TinyTeX/texmf-dist/tex/generic/kvsetkey
s/kvsetkeys.sty
Package: kvsetkeys 2019/12/15 v1.18 Key value parser (HO)
))
(/Users/mariajosezunigabasualto/Library/TinyTeX/texmf-dist/tex/latex/etoolbox/e
toolbox.sty
Package: etoolbox 2020/10/05 v2.5k e-TeX tools for LaTeX (JAW)
\etb@tempcnta=\count199
))
(/Users/mariajosezunigabasualto/Library/TinyTeX/texmf-dist/tex/latex/xcolor/xco
lor.sty
Package: xcolor 2016/05/11 v2.12 LaTeX color extensions (UK)

(/Users/mariajosezunigabasualto/Library/TinyTeX/texmf-dist/tex/latex/graphics-c
fg/color.cfg
File: color.cfg 2016/01/02 v1.6 sample color configuration
)
Package xcolor Info: Driver file: pdftex.def on input line 225.

(/Users/mariajosezunigabasualto/Library/TinyTeX/texmf-dist/tex/latex/graphics-d
ef/pdftex.def
File: pdftex.def 2020/10/05 v1.2a Graphics/color driver for pdftex
)
Package xcolor Info: Model `cmy' substituted by `cmy0' on input line 1348.
Package xcolor Info: Model `hsb' substituted by `rgb' on input line 1352.
Package xcolor Info: Model `RGB' extended on input line 1364.
Package xcolor Info: Model `HTML' substituted by `rgb' on input line 1366.
Package xcolor Info: Model `Hsb' substituted by `hsb' on input line 1367.
Package xcolor Info: Model `tHsb' substituted by `hsb' on input line 1368.
Package xcolor Info: Model `HSB' substituted by `hsb' on input line 1369.
Package xcolor Info: Model `Gray' substituted by `gray' on input line 1370.
Package xcolor Info: Model `wave' substituted by `hsb' on input line 1371.
)
(/Users/mariajosezunigabasualto/Library/TinyTeX/texmf-dist/tex/latex/hyperref/h
yperref.sty
Package: hyperref 2021-02-27 v7.00k Hypertext links for LaTeX

(/Users/mariajosezunigabasualto/Library/TinyTeX/texmf-dist/tex/generic/pdftexcm
ds/pdftexcmds.sty
Package: pdftexcmds 2020-06-27 v0.33 Utility functions of pdfTeX for LuaTeX (HO
)

(/Users/mariajosezunigabasualto/Library/TinyTeX/texmf-dist/tex/generic/infwarer
r/infwarerr.sty
Package: infwarerr 2019/12/03 v1.5 Providing info/warning/error messages (HO)
)
Package pdftexcmds Info: \pdf@primitive is available.
Package pdftexcmds Info: \pdf@ifprimitive is available.
Package pdftexcmds Info: \pdfdraftmode found.
)
(/Users/mariajosezunigabasualto/Library/TinyTeX/texmf-dist/tex/generic/kvdefine
keys/kvdefinekeys.sty
Package: kvdefinekeys 2019-12-19 v1.6 Define keys (HO)
)
(/Users/mariajosezunigabasualto/Library/TinyTeX/texmf-dist/tex/generic/pdfescap
e/pdfescape.sty
Package: pdfescape 2019/12/09 v1.15 Implements pdfTeX's escape features (HO)
)
(/Users/mariajosezunigabasualto/Library/TinyTeX/texmf-dist/tex/latex/hycolor/hy
color.sty
Package: hycolor 2020-01-27 v1.10 Color options for hyperref/bookmark (HO)
)
(/Users/mariajosezunigabasualto/Library/TinyTeX/texmf-dist/tex/latex/letltxmacr
o/letltxmacro.sty
Package: letltxmacro 2019/12/03 v1.6 Let assignment for LaTeX macros (HO)
)
(/Users/mariajosezunigabasualto/Library/TinyTeX/texmf-dist/tex/latex/auxhook/au
xhook.sty
Package: auxhook 2019-12-17 v1.6 Hooks for auxiliary files (HO)
)
\@linkdim=\dimen148
\Hy@linkcounter=\count266
\Hy@pagecounter=\count267

(/Users/mariajosezunigabasualto/Library/TinyTeX/texmf-dist/tex/latex/hyperref/p
d1enc.def
File: pd1enc.def 2021-02-27 v7.00k Hyperref: PDFDocEncoding definition (HO)
Now handling font encoding PD1 ...
... no UTF-8 mapping file for font encoding PD1
)
(/Users/mariajosezunigabasualto/Library/TinyTeX/texmf-dist/tex/latex/hyperref/h
yperref-langpatches.def
File: hyperref-langpatches.def 2021-02-27 v7.00k Hyperref: patches for babel la
nguages
)
(/Users/mariajosezunigabasualto/Library/TinyTeX/texmf-dist/tex/generic/intcalc/
intcalc.sty
Package: intcalc 2019/12/15 v1.3 Expandable calculations with integers (HO)
)
(/Users/mariajosezunigabasualto/Library/TinyTeX/texmf-dist/tex/generic/etexcmds
/etexcmds.sty
Package: etexcmds 2019/12/15 v1.7 Avoid name clashes with e-TeX commands (HO)
)
\Hy@SavedSpaceFactor=\count268

(/Users/mariajosezunigabasualto/Library/TinyTeX/texmf-dist/tex/latex/hyperref/p
uenc.def
File: puenc.def 2021-02-27 v7.00k Hyperref: PDF Unicode definition (HO)
Now handling font encoding PU ...
... no UTF-8 mapping file for font encoding PU
)
Package hyperref Info: Option `unicode' set `true' on input line 4073.
Package hyperref Info: Hyper figures OFF on input line 4192.
Package hyperref Info: Link nesting OFF on input line 4197.
Package hyperref Info: Hyper index ON on input line 4200.
Package hyperref Info: Plain pages OFF on input line 4207.
Package hyperref Info: Backreferencing OFF on input line 4212.
Package hyperref Info: Implicit mode ON; LaTeX internals redefined.
Package hyperref Info: Bookmarks ON on input line 4445.
\c@Hy@tempcnt=\count269

(/Users/mariajosezunigabasualto/Library/TinyTeX/texmf-dist/tex/latex/url/url.st
y
\Urlmuskip=\muskip17
Package: url 2013/09/16  ver 3.4  Verb mode for urls, etc.
)
LaTeX Info: Redefining \url on input line 4804.
\XeTeXLinkMargin=\dimen149

(/Users/mariajosezunigabasualto/Library/TinyTeX/texmf-dist/tex/generic/bitset/b
itset.sty
Package: bitset 2019/12/09 v1.3 Handle bit-vector datatype (HO)

(/Users/mariajosezunigabasualto/Library/TinyTeX/texmf-dist/tex/generic/bigintca
lc/bigintcalc.sty
Package: bigintcalc 2019/12/15 v1.5 Expandable calculations on big integers (HO
)
))
\Fld@menulength=\count270
\Field@Width=\dimen150
\Fld@charsize=\dimen151
Package hyperref Info: Hyper figures OFF on input line 6075.
Package hyperref Info: Link nesting OFF on input line 6080.
Package hyperref Info: Hyper index ON on input line 6083.
Package hyperref Info: backreferencing OFF on input line 6090.
Package hyperref Info: Link coloring OFF on input line 6095.
Package hyperref Info: Link coloring with OCG OFF on input line 6100.
Package hyperref Info: PDF/A mode OFF on input line 6105.
LaTeX Info: Redefining \ref on input line 6145.
LaTeX Info: Redefining \pageref on input line 6149.

(/Users/mariajosezunigabasualto/Library/TinyTeX/texmf-dist/tex/latex/base/atbeg
shi-ltx.sty
Package: atbegshi-ltx 2020/08/17 v1.0a Emulation of the original atbegshi packa
ge
with kernel methods
)
\Hy@abspage=\count271
\c@Item=\count272
\c@Hfootnote=\count273
)
Package hyperref Info: Driver (autodetected): hpdftex.

(/Users/mariajosezunigabasualto/Library/TinyTeX/texmf-dist/tex/latex/hyperref/h
pdftex.def
File: hpdftex.def 2021-02-27 v7.00k Hyperref driver for pdfTeX

(/Users/mariajosezunigabasualto/Library/TinyTeX/texmf-dist/tex/latex/base/atver
yend-ltx.sty
Package: atveryend-ltx 2020/08/19 v1.0a Emulation of the original atvery packag
e
with kernel methods
)
\Fld@listcount=\count274
\c@bookmark@seq@number=\count275

(/Users/mariajosezunigabasualto/Library/TinyTeX/texmf-dist/tex/latex/rerunfilec
heck/rerunfilecheck.sty
Package: rerunfilecheck 2019/12/05 v1.9 Rerun checks for auxiliary files (HO)

(/Users/mariajosezunigabasualto/Library/TinyTeX/texmf-dist/tex/generic/uniqueco
unter/uniquecounter.sty
Package: uniquecounter 2019/12/15 v1.4 Provide unlimited unique counter (HO)
)
Package uniquecounter Info: New unique counter `rerunfilecheck' on input line 2
86.
)
\Hy@SectionHShift=\skip52
)
(/Users/mariajosezunigabasualto/Library/TinyTeX/texmf-dist/tex/latex/geometry/g
eometry.sty
Package: geometry 2020/01/02 v5.9 Page Geometry

(/Users/mariajosezunigabasualto/Library/TinyTeX/texmf-dist/tex/generic/iftex/if
vtex.sty
Package: ifvtex 2019/10/25 v1.7 ifvtex legacy package. Use iftex instead.
)
\Gm@cnth=\count276
\Gm@cntv=\count277
\c@Gm@tempcnt=\count278
\Gm@bindingoffset=\dimen152
\Gm@wd@mp=\dimen153
\Gm@odd@mp=\dimen154
\Gm@even@mp=\dimen155
\Gm@layoutwidth=\dimen156
\Gm@layoutheight=\dimen157
\Gm@layouthoffset=\dimen158
\Gm@layoutvoffset=\dimen159
\Gm@dimlist=\toks24
)
(/Users/mariajosezunigabasualto/Library/TinyTeX/texmf-dist/tex/latex/tools/long
table.sty
Package: longtable 2020/01/07 v4.13 Multi-page Table package (DPC)
\LTleft=\skip53
\LTright=\skip54
\LTpre=\skip55
\LTpost=\skip56
\LTchunksize=\count279
\LTcapwidth=\dimen160
\LT@head=\box49
\LT@firsthead=\box50
\LT@foot=\box51
\LT@lastfoot=\box52
\LT@cols=\count280
\LT@rows=\count281
\c@LT@tables=\count282
\c@LT@chunks=\count283
\LT@p@ftn=\toks25
)
(/Users/mariajosezunigabasualto/Library/TinyTeX/texmf-dist/tex/latex/booktabs/b
ooktabs.sty
Package: booktabs 2020/01/12 v1.61803398 Publication quality tables
\heavyrulewidth=\dimen161
\lightrulewidth=\dimen162
\cmidrulewidth=\dimen163
\belowrulesep=\dimen164
\belowbottomsep=\dimen165
\aboverulesep=\dimen166
\abovetopsep=\dimen167
\cmidrulesep=\dimen168
\cmidrulekern=\dimen169
\defaultaddspace=\dimen170
\@cmidla=\count284
\@cmidlb=\count285
\@aboverulesep=\dimen171
\@belowrulesep=\dimen172
\@thisruleclass=\count286
\@lastruleclass=\count287
\@thisrulewidth=\dimen173
)
(/Users/mariajosezunigabasualto/Library/TinyTeX/texmf-dist/tex/latex/mdwtools/f
ootnote.sty
Package: footnote 1997/01/28 1.13 Save footnotes around boxes
\fn@notes=\box53
\fn@width=\dimen174
)
(/Users/mariajosezunigabasualto/Library/TinyTeX/texmf-dist/tex/latex/graphics/g
raphicx.sty
Package: graphicx 2020/09/09 v1.2b Enhanced LaTeX Graphics (DPC,SPQR)

(/Users/mariajosezunigabasualto/Library/TinyTeX/texmf-dist/tex/latex/graphics/g
raphics.sty
Package: graphics 2020/08/30 v1.4c Standard LaTeX Graphics (DPC,SPQR)

(/Users/mariajosezunigabasualto/Library/TinyTeX/texmf-dist/tex/latex/graphics/t
rig.sty
Package: trig 2016/01/03 v1.10 sin cos tan (DPC)
)
(/Users/mariajosezunigabasualto/Library/TinyTeX/texmf-dist/tex/latex/graphics-c
fg/graphics.cfg
File: graphics.cfg 2016/06/04 v1.11 sample graphics configuration
)
Package graphics Info: Driver file: pdftex.def on input line 105.
)
\Gin@req@height=\dimen175
\Gin@req@width=\dimen176
)
(/Users/mariajosezunigabasualto/Library/TinyTeX/texmf-dist/tex/latex/grffile/gr
ffile.sty
Package: grffile 2019/11/11 v2.1 Extended file name support for graphics (legac
y)
Package grffile Info: This package is an empty stub for compatibility on input 
line 40.
)
(/Users/mariajosezunigabasualto/Library/TinyTeX/texmf-dist/tex/latex/draftwater
mark/draftwatermark.sty
Package: draftwatermark 2020/12/08 3.0 Put a gray textual watermark on document
 pages
)
(/Users/mariajosezunigabasualto/Library/TinyTeX/texmf-dist/tex/latex/fancyhdr/f
ancyhdr.sty
Package: fancyhdr 2021/01/28 v4.0.1 Extensive control of page headers and foote
rs
\f@nch@headwidth=\skip57
\f@nch@O@elh=\skip58
\f@nch@O@erh=\skip59
\f@nch@O@olh=\skip60
\f@nch@O@orh=\skip61
\f@nch@O@elf=\skip62
\f@nch@O@erf=\skip63
\f@nch@O@olf=\skip64
\f@nch@O@orf=\skip65
)
(/Users/mariajosezunigabasualto/Library/TinyTeX/texmf-dist/tex/latex/caption/ca
ption.sty
Package: caption 2020/10/26 v3.5g Customizing captions (AR)

(/Users/mariajosezunigabasualto/Library/TinyTeX/texmf-dist/tex/latex/caption/ca
ption3.sty
Package: caption3 2020/10/21 v2.2e caption3 kernel (AR)
\captionmargin=\dimen177
\captionmargin@=\dimen178
\captionwidth=\dimen179
\caption@tempdima=\dimen180
\caption@indent=\dimen181
\caption@parindent=\dimen182
\caption@hangindent=\dimen183
Package caption Info: Standard document class detected.
)
\c@caption@flags=\count288
\c@continuedfloat=\count289
Package caption Info: hyperref package is loaded.
Package caption Info: longtable package is loaded.

(/Users/mariajosezunigabasualto/Library/TinyTeX/texmf-dist/tex/latex/caption/lt
caption.sty
Package: ltcaption 2020/05/30 v1.4b longtable captions (AR)
))
(/Users/mariajosezunigabasualto/Library/TinyTeX/texmf-dist/tex/latex/psnfss/hel
vet.sty
Package: helvet 2020/03/25 PSNFSS-v9.3 (WaS) 
)

Package fancyhdr Warning: \fancyhead's `E' option without twoside option is use
less on input line 91.


Package fancyhdr Warning: \fancyhead's `E' option without twoside option is use
less on input line 92.


Package fancyhdr Warning: \fancyhead's `E' option without twoside option is use
less on input line 93.


(/Users/mariajosezunigabasualto/Library/TinyTeX/texmf-dist/tex/generic/babel/ba
bel.sty
Package: babel 2021/03/03 3.55 The Babel package

(/Users/mariajosezunigabasualto/Library/TinyTeX/texmf-dist/tex/generic/babel/ba
bel.def
File: babel.def 2021/03/03 3.55 Babel common definitions
\babel@savecnt=\count290
\U@D=\dimen184
\l@babelnohyphens=\language4

(/Users/mariajosezunigabasualto/Library/TinyTeX/texmf-dist/tex/generic/babel/tx
tbabel.def)
\bbl@readstream=\read2
)
\bbl@dirlevel=\count291

(/Users/mariajosezunigabasualto/Library/TinyTeX/texmf-dist/tex/generic/babel-sp
anish/spanish.ldf
Language: spanish.ldf 2016/03/03 v5.0p Spanish support from the babel system
\es@quottoks=\toks26
\es@quotdepth=\count292
)
(/Users/mariajosezunigabasualto/Library/TinyTeX/texmf-dist/tex/generic/babel-sp
anish/spanish.ldf
Language: spanish.ldf 2016/03/03 v5.0p Spanish support from the babel system
))
LaTeX Font Info:    Trying to load font information for T1+phv on input line 10
7.

(/Users/mariajosezunigabasualto/Library/TinyTeX/texmf-dist/tex/latex/psnfss/t1p
hv.fd
File: t1phv.fd 2020/03/25 scalable font definitions for T1/phv.
)
(/Users/mariajosezunigabasualto/Library/TinyTeX/texmf-dist/tex/latex/l3backend/
l3backend-pdftex.def
File: l3backend-pdftex.def 2021-03-18 L3 backend support: PDF output (pdfTeX)
\l__color_backend_stack_int=\count293
\l__pdf_internal_box=\box54
) (./INFORMEFINAL_SARDAUSTRAL_LOSLAGOS.aux
LaTeX Info: Redefining \. on input line 22.
LaTeX Info: Redefining \% on input line 22.
)
\openout1 = `INFORMEFINAL_SARDAUSTRAL_LOSLAGOS.aux'.

LaTeX Font Info:    Checking defaults for OML/cmm/m/it on input line 107.
LaTeX Font Info:    ... okay on input line 107.
LaTeX Font Info:    Checking defaults for OMS/cmsy/m/n on input line 107.
LaTeX Font Info:    ... okay on input line 107.
LaTeX Font Info:    Checking defaults for OT1/cmr/m/n on input line 107.
LaTeX Font Info:    ... okay on input line 107.
LaTeX Font Info:    Checking defaults for T1/cmr/m/n on input line 107.
LaTeX Font Info:    ... okay on input line 107.
LaTeX Font Info:    Checking defaults for TS1/cmr/m/n on input line 107.
LaTeX Font Info:    ... okay on input line 107.
LaTeX Font Info:    Checking defaults for OMX/cmex/m/n on input line 107.
LaTeX Font Info:    ... okay on input line 107.
LaTeX Font Info:    Checking defaults for U/cmr/m/n on input line 107.
LaTeX Font Info:    ... okay on input line 107.
LaTeX Font Info:    Checking defaults for PD1/pdf/m/n on input line 107.
LaTeX Font Info:    ... okay on input line 107.
LaTeX Font Info:    Checking defaults for PU/pdf/m/n on input line 107.
LaTeX Font Info:    ... okay on input line 107.

(/Users/mariajosezunigabasualto/Library/TinyTeX/texmf-dist/tex/latex/epstopdf-p
kg/epstopdf-base.sty
Package: epstopdf-base 2020-01-24 v2.11 Base part for package epstopdf

(/Users/mariajosezunigabasualto/Library/TinyTeX/texmf-dist/tex/latex/grfext/grf
ext.sty
Package: grfext 2019/12/03 v1.3 Manage graphics extensions (HO)
)
Package epstopdf-base Info: Redefining graphics rule for `.eps' on input line 4
85.
Package grfext Info: Graphics extension search list:
(grfext)             [.pdf,.png,.jpg,.mps,.jpeg,.jbig2,.jb2,.PDF,.PNG,.JPG,.JPE
G,.JBIG2,.JB2,.eps]
(grfext)             \AppendGraphicsExtensions on input line 504.

(/Users/mariajosezunigabasualto/Library/TinyTeX/texmf-dist/tex/latex/latexconfi
g/epstopdf-sys.cfg
File: epstopdf-sys.cfg 2010/07/13 v1.3 Configuration of (r)epstopdf for TeX Liv
e
))
Package hyperref Info: Link coloring OFF on input line 107.

(/Users/mariajosezunigabasualto/Library/TinyTeX/texmf-dist/tex/latex/hyperref/n
ameref.sty
Package: nameref 2021-04-02 v2.47 Cross-referencing by name of section

(/Users/mariajosezunigabasualto/Library/TinyTeX/texmf-dist/tex/latex/refcount/r
efcount.sty
Package: refcount 2019/12/15 v3.6 Data extraction from label references (HO)
)
(/Users/mariajosezunigabasualto/Library/TinyTeX/texmf-dist/tex/generic/gettitle
string/gettitlestring.sty
Package: gettitlestring 2019/12/15 v1.6 Cleanup title references (HO)
)
\c@section@level=\count294
)
LaTeX Info: Redefining \ref on input line 107.
LaTeX Info: Redefining \pageref on input line 107.
LaTeX Info: Redefining \nameref on input line 107.
(./INFORMEFINAL_SARDAUSTRAL_LOSLAGOS.out) (./INFORMEFINAL_SARDAUSTRAL_LOSLAGOS.
out)
\@outlinefile=\write3
\openout3 = `INFORMEFINAL_SARDAUSTRAL_LOSLAGOS.out'.

*geometry* driver: auto-detecting
*geometry* detected driver: pdftex
*geometry* verbose mode - [ preamble ] result:
* driver: pdftex
* paper: <default>
* layout: <same size as paper>
* layoutoffset:(h,v)=(0.0pt,0.0pt)
* modes: 
* h-part:(L,W,R)=(71.13188pt, 472.03123pt, 71.13188pt)
* v-part:(T,H,B)=(42.67912pt, 723.83812pt, 28.45274pt)
* \paperwidth=614.295pt
* \paperheight=794.96999pt
* \textwidth=472.03123pt
* \textheight=658.0pt
* \oddsidemargin=-1.1381pt
* \evensidemargin=-1.1381pt
* \topmargin=-66.59087pt
* \headheight=70.0pt
* \headsep=25.0pt
* \topskip=10.0pt
* \footskip=5.0pt
* \marginparwidth=65.0pt
* \marginparsep=11.0pt
* \columnsep=10.0pt
* \skip\footins=9.0pt plus 4.0pt minus 2.0pt
* \hoffset=0.0pt
* \voffset=0.0pt
* \mag=1000
* \@twocolumnfalse
* \@twosidefalse
* \@mparswitchfalse
* \@reversemarginfalse
* (1in=72.27pt=25.4mm, 1cm=28.453pt)

Package caption Info: Begin \AtBeginDocument code.
Package caption Info: End \AtBeginDocument code.
LaTeX Info: Redefining \. on input line 107.
LaTeX Info: Redefining \% on input line 107.
(./INFORMEFINAL_SARDAUSTRAL_LOSLAGOS.toc
LaTeX Info: Redefining \. on input line 1.
LaTeX Info: Redefining \% on input line 1.
LaTeX Font Info:    Trying to load font information for OT1+lmr on input line 4
.

(/Users/mariajosezunigabasualto/Library/TinyTeX/texmf-dist/tex/latex/lm/ot1lmr.
fd
File: ot1lmr.fd 2009/10/30 v1.6 Font defs for Latin Modern
)
LaTeX Font Info:    Trying to load font information for OML+lmm on input line 4
.

(/Users/mariajosezunigabasualto/Library/TinyTeX/texmf-dist/tex/latex/lm/omllmm.
fd
File: omllmm.fd 2009/10/30 v1.6 Font defs for Latin Modern
)
LaTeX Font Info:    Trying to load font information for OMS+lmsy on input line 
4.

(/Users/mariajosezunigabasualto/Library/TinyTeX/texmf-dist/tex/latex/lm/omslmsy
.fd
File: omslmsy.fd 2009/10/30 v1.6 Font defs for Latin Modern
)
LaTeX Font Info:    Trying to load font information for OMX+lmex on input line 
4.

(/Users/mariajosezunigabasualto/Library/TinyTeX/texmf-dist/tex/latex/lm/omxlmex
.fd
File: omxlmex.fd 2009/10/30 v1.6 Font defs for Latin Modern
)
LaTeX Font Info:    External font `lmex10' loaded for size
(Font)              <10> on input line 4.
LaTeX Font Info:    External font `lmex10' loaded for size
(Font)              <7> on input line 4.
LaTeX Font Info:    External font `lmex10' loaded for size
(Font)              <5> on input line 4.
LaTeX Font Info:    Trying to load font information for U+msa on input line 4.

(/Users/mariajosezunigabasualto/Library/TinyTeX/texmf-dist/tex/latex/amsfonts/u
msa.fd
File: umsa.fd 2013/01/14 v3.01 AMS symbols A
)
LaTeX Font Info:    Trying to load font information for U+msb on input line 4.

(/Users/mariajosezunigabasualto/Library/TinyTeX/texmf-dist/tex/latex/amsfonts/u
msb.fd
File: umsb.fd 2013/01/14 v3.01 AMS symbols B
)
<logoifop.png, id=247, 125.5089pt x 151.767pt>
File: logoifop.png Graphic file (type png)
<use logoifop.png>
Package pdftex.def Info: logoifop.png  used on input line 101.
(pdftex.def)             Requested size: 35.29353pt x 42.6774pt.

Package fancyhdr Warning: \footskip is too small (5.0pt): 
(fancyhdr)                Make it at least 7.875pt, for example:
(fancyhdr)                \setlength{\footskip}{7.875pt}.

[1{/Users/mariajosezunigabasualto/Library/TinyTeX/texmf-var/fonts/map/pdftex/up
dmap/pdftex.map}

 <./logoifop.png>])
\tf@toc=\write4
\openout4 = `INFORMEFINAL_SARDAUSTRAL_LOSLAGOS.toc'.

File: logoifop.png Graphic file (type png)
<use logoifop.png>
Package pdftex.def Info: logoifop.png  used on input line 114.
(pdftex.def)             Requested size: 35.29353pt x 42.6774pt.

Package fancyhdr Warning: \footskip is too small (5.0pt): 
(fancyhdr)                Make it at least 7.875pt, for example:
(fancyhdr)                \setlength{\footskip}{7.875pt}.

[2]
File: logoifop.png Graphic file (type png)
<use logoifop.png>
Package pdftex.def Info: logoifop.png  used on input line 194.
(pdftex.def)             Requested size: 35.29353pt x 42.6774pt.

Package fancyhdr Warning: \footskip is too small (5.0pt): 
(fancyhdr)                Make it at least 7.875pt, for example:
(fancyhdr)                \setlength{\footskip}{7.875pt}.

[3]
File: logoifop.png Graphic file (type png)
<use logoifop.png>
Package pdftex.def Info: logoifop.png  used on input line 240.
(pdftex.def)             Requested size: 35.29353pt x 42.6774pt.

Package fancyhdr Warning: \footskip is too small (5.0pt): 
(fancyhdr)                Make it at least 7.875pt, for example:
(fancyhdr)                \setlength{\footskip}{7.875pt}.

[4]
LaTeX Font Info:    Font shape `T1/phv/m/it' in size <10> not available
(Font)              Font shape `T1/phv/m/sl' tried instead on input line 244.
LaTeX Font Info:    Trying to load font information for TS1+phv on input line 2
69.

(/Users/mariajosezunigabasualto/Library/TinyTeX/texmf-dist/tex/latex/psnfss/ts1
phv.fd
File: ts1phv.fd 2020/03/25 scalable font definitions for TS1/phv.
)
<Figuras/Fig1.png, id=286, 337.26pt x 352.6776pt>
File: Figuras/Fig1.png Graphic file (type png)
<use Figuras/Fig1.png>
Package pdftex.def Info: Figuras/Fig1.png  used on input line 275.
(pdftex.def)             Requested size: 337.2746pt x 352.69287pt.
LaTeX Font Info:    Font shape `T1/phv/m/it' in size <9> not available
(Font)              Font shape `T1/phv/m/sl' tried instead on input line 276.
File: logoifop.png Graphic file (type png)
<use logoifop.png>
Package pdftex.def Info: logoifop.png  used on input line 289.
(pdftex.def)             Requested size: 35.29353pt x 42.6774pt.

Package fancyhdr Warning: \footskip is too small (5.0pt): 
(fancyhdr)                Make it at least 7.67097pt, for example:
(fancyhdr)                \setlength{\footskip}{7.67097pt}.

[5 <./Figuras/Fig1.png>]
<Figuras/antecedentes_desembarques-1.pdf, id=297, 361.35pt x 252.945pt>
File: Figuras/antecedentes_desembarques-1.pdf Graphic file (type pdf)
<use Figuras/antecedentes_desembarques-1.pdf>
Package pdftex.def Info: Figuras/antecedentes_desembarques-1.pdf  used on input
 line 338.
(pdftex.def)             Requested size: 283.2248pt x 198.25735pt.
File: logoifop.png Graphic file (type png)
<use logoifop.png>
Package pdftex.def Info: logoifop.png  used on input line 354.
(pdftex.def)             Requested size: 35.29353pt x 42.6774pt.

Package fancyhdr Warning: \footskip is too small (5.0pt): 
(fancyhdr)                Make it at least 7.875pt, for example:
(fancyhdr)                \setlength{\footskip}{7.875pt}.

[6 <./Figuras/antecedentes_desembarques-1.pdf>]
<Figuras/estructura_mensual-1.pdf, id=312, 433.62pt x 542.025pt>
File: Figuras/estructura_mensual-1.pdf Graphic file (type pdf)
<use Figuras/estructura_mensual-1.pdf>
Package pdftex.def Info: Figuras/estructura_mensual-1.pdf  used on input line 3
59.
(pdftex.def)             Requested size: 424.84546pt x 531.05681pt.
File: logoifop.png Graphic file (type png)
<use logoifop.png>
Package pdftex.def Info: logoifop.png  used on input line 386.
(pdftex.def)             Requested size: 35.29353pt x 42.6774pt.

Package fancyhdr Warning: \footskip is too small (5.0pt): 
(fancyhdr)                Make it at least 7.67097pt, for example:
(fancyhdr)                \setlength{\footskip}{7.67097pt}.

[7 <./Figuras/estructura_mensual-1.pdf>]
File: logoifop.png Graphic file (type png)
<use logoifop.png>
Package pdftex.def Info: logoifop.png  used on input line 437.
(pdftex.def)             Requested size: 35.29353pt x 42.6774pt.

Package fancyhdr Warning: \footskip is too small (5.0pt): 
(fancyhdr)                Make it at least 7.875pt, for example:
(fancyhdr)                \setlength{\footskip}{7.875pt}.

[8]
File: logoifop.png Graphic file (type png)
<use logoifop.png>
Package pdftex.def Info: logoifop.png  used on input line 558.
(pdftex.def)             Requested size: 35.29353pt x 42.6774pt.

Package fancyhdr Warning: \footskip is too small (5.0pt): 
(fancyhdr)                Make it at least 7.875pt, for example:
(fancyhdr)                \setlength{\footskip}{7.875pt}.

[9]
<Figuras/Fig4.png, id=339, 794.46812pt x 391.4625pt>
File: Figuras/Fig4.png Graphic file (type png)
<use Figuras/Fig4.png>
Package pdftex.def Info: Figuras/Fig4.png  used on input line 630.
(pdftex.def)             Requested size: 330.42548pt x 162.81229pt.
File: logoifop.png Graphic file (type png)
<use logoifop.png>
Package pdftex.def Info: logoifop.png  used on input line 656.
(pdftex.def)             Requested size: 35.29353pt x 42.6774pt.

Package fancyhdr Warning: \footskip is too small (5.0pt): 
(fancyhdr)                Make it at least 7.875pt, for example:
(fancyhdr)                \setlength{\footskip}{7.875pt}.

[10 <./Figuras/Fig4.png>]
<Figuras/Fig5.png, id=351, 2740.2375pt x 2114.90125pt>
File: Figuras/Fig5.png Graphic file (type png)
<use Figuras/Fig5.png>
Package pdftex.def Info: Figuras/Fig5.png  used on input line 659.
(pdftex.def)             Requested size: 377.60962pt x 291.43716pt.
File: logoifop.png Graphic file (type png)
<use logoifop.png>
Package pdftex.def Info: logoifop.png  used on input line 676.
(pdftex.def)             Requested size: 35.29353pt x 42.6774pt.

Package fancyhdr Warning: \footskip is too small (5.0pt): 
(fancyhdr)                Make it at least 7.875pt, for example:
(fancyhdr)                \setlength{\footskip}{7.875pt}.

[11 <./Figuras/Fig5.png>]
File: logoifop.png Graphic file (type png)
<use logoifop.png>
Package pdftex.def Info: logoifop.png  used on input line 767.
(pdftex.def)             Requested size: 35.29353pt x 42.6774pt.

Package fancyhdr Warning: \footskip is too small (5.0pt): 
(fancyhdr)                Make it at least 7.875pt, for example:
(fancyhdr)                \setlength{\footskip}{7.875pt}.

[12]
File: logoifop.png Graphic file (type png)
<use logoifop.png>
Package pdftex.def Info: logoifop.png  used on input line 863.
(pdftex.def)             Requested size: 35.29353pt x 42.6774pt.

Package fancyhdr Warning: \footskip is too small (5.0pt): 
(fancyhdr)                Make it at least 7.875pt, for example:
(fancyhdr)                \setlength{\footskip}{7.875pt}.

[13]
File: logoifop.png Graphic file (type png)
<use logoifop.png>
Package pdftex.def Info: logoifop.png  used on input line 939.
(pdftex.def)             Requested size: 35.29353pt x 42.6774pt.

Package fancyhdr Warning: \footskip is too small (5.0pt): 
(fancyhdr)                Make it at least 7.875pt, for example:
(fancyhdr)                \setlength{\footskip}{7.875pt}.

[14]
File: logoifop.png Graphic file (type png)
<use logoifop.png>
Package pdftex.def Info: logoifop.png  used on input line 1117.
(pdftex.def)             Requested size: 35.29353pt x 42.6774pt.

Package fancyhdr Warning: \footskip is too small (5.0pt): 
(fancyhdr)                Make it at least 7.875pt, for example:
(fancyhdr)                \setlength{\footskip}{7.875pt}.

[15]
LaTeX Font Info:    External font `lmex10' loaded for size
(Font)              <9> on input line 1140.
LaTeX Font Info:    External font `lmex10' loaded for size
(Font)              <6> on input line 1140.

LaTeX Warning: Command \textasciiacute invalid in math mode on input line 1254.


Package textcomp Info: Symbol \textasciiacute not provided by
(textcomp)             font family phv in TS1 encoding.
(textcomp)             Default family used instead on input line 1254.
LaTeX Font Info:    Trying to load font information for T1+cmss on input line 1
254.

(/Users/mariajosezunigabasualto/Library/TinyTeX/texmf-dist/tex/latex/base/t1cms
s.fd
File: t1cmss.fd 2019/12/16 v2.5j Standard LaTeX font definitions
)

LaTeX Warning: Command \textasciiacute invalid in math mode on input line 1254.


LaTeX Font Info:    Trying to load font information for TS1+cmss on input line 
1254.

(/Users/mariajosezunigabasualto/Library/TinyTeX/texmf-dist/tex/latex/base/ts1cm
ss.fd
File: ts1cmss.fd 2019/12/16 v2.5j Standard LaTeX font definitions
)

LaTeX Warning: Command \textasciiacute invalid in math mode on input line 1254.


File: logoifop.png Graphic file (type png)
<use logoifop.png>
Package pdftex.def Info: logoifop.png  used on input line 1261.
(pdftex.def)             Requested size: 35.29353pt x 42.6774pt.

Package fancyhdr Warning: \footskip is too small (5.0pt): 
(fancyhdr)                Make it at least 7.875pt, for example:
(fancyhdr)                \setlength{\footskip}{7.875pt}.

[16]

LaTeX Warning: Command \textasciiacute invalid in math mode on input line 1276.


Package textcomp Info: Symbol \textasciiacute not provided by
(textcomp)             font family phv in TS1 encoding.
(textcomp)             Default family used instead on input line 1276.

LaTeX Warning: Command \textasciiacute invalid in math mode on input line 1276.



LaTeX Warning: Command \textasciiacute invalid in math mode on input line 1276.


File: logoifop.png Graphic file (type png)
<use logoifop.png>
Package pdftex.def Info: logoifop.png  used on input line 1380.
(pdftex.def)             Requested size: 35.29353pt x 42.6774pt.

Package fancyhdr Warning: \footskip is too small (5.0pt): 
(fancyhdr)                Make it at least 7.875pt, for example:
(fancyhdr)                \setlength{\footskip}{7.875pt}.

[17]
Overfull \hbox (15.18929pt too wide) in paragraph at lines 1405--1406
[]\T1/phv/m/sl/9 Lognormal|  
 []


Overfull \hbox (15.18929pt too wide) in paragraph at lines 1418--1419
[]\T1/phv/m/sl/9 Lognormal|  
 []


Overfull \hbox (15.18929pt too wide) in paragraph at lines 1431--1432
[]\T1/phv/m/sl/9 Lognormal|  
 []


Overfull \hbox (17.95224pt too wide) in paragraph at lines 1444--1445
[]\T1/phv/m/sl/9 Multinomial|  
 []

File: logoifop.png Graphic file (type png)
<use logoifop.png>
Package pdftex.def Info: logoifop.png  used on input line 1457.
(pdftex.def)             Requested size: 35.29353pt x 42.6774pt.

Package fancyhdr Warning: \footskip is too small (5.0pt): 
(fancyhdr)                Make it at least 7.875pt, for example:
(fancyhdr)                \setlength{\footskip}{7.875pt}.

[18]
File: logoifop.png Graphic file (type png)
<use logoifop.png>
Package pdftex.def Info: logoifop.png  used on input line 1633.
(pdftex.def)             Requested size: 35.29353pt x 42.6774pt.

Package fancyhdr Warning: \footskip is too small (5.0pt): 
(fancyhdr)                Make it at least 7.875pt, for example:
(fancyhdr)                \setlength{\footskip}{7.875pt}.

[19]
File: logoifop.png Graphic file (type png)
<use logoifop.png>
Package pdftex.def Info: logoifop.png  used on input line 1724.
(pdftex.def)             Requested size: 35.29353pt x 42.6774pt.

Package fancyhdr Warning: \footskip is too small (5.0pt): 
(fancyhdr)                Make it at least 7.875pt, for example:
(fancyhdr)                \setlength{\footskip}{7.875pt}.

[20]
File: logoifop.png Graphic file (type png)
<use logoifop.png>
Package pdftex.def Info: logoifop.png  used on input line 1805.
(pdftex.def)             Requested size: 35.29353pt x 42.6774pt.

Package fancyhdr Warning: \footskip is too small (5.0pt): 
(fancyhdr)                Make it at least 7.875pt, for example:
(fancyhdr)                \setlength{\footskip}{7.875pt}.

[21]
File: logoifop.png Graphic file (type png)
<use logoifop.png>
Package pdftex.def Info: logoifop.png  used on input line 1901.
(pdftex.def)             Requested size: 35.29353pt x 42.6774pt.

Package fancyhdr Warning: \footskip is too small (5.0pt): 
(fancyhdr)                Make it at least 7.875pt, for example:
(fancyhdr)                \setlength{\footskip}{7.875pt}.

[22]
File: logoifop.png Graphic file (type png)
<use logoifop.png>
Package pdftex.def Info: logoifop.png  used on input line 1998.
(pdftex.def)             Requested size: 35.29353pt x 42.6774pt.

Package fancyhdr Warning: \footskip is too small (5.0pt): 
(fancyhdr)                Make it at least 7.875pt, for example:
(fancyhdr)                \setlength{\footskip}{7.875pt}.

[23]
File: logoifop.png Graphic file (type png)
<use logoifop.png>
Package pdftex.def Info: logoifop.png  used on input line 2091.
(pdftex.def)             Requested size: 35.29353pt x 42.6774pt.

Package fancyhdr Warning: \footskip is too small (5.0pt): 
(fancyhdr)                Make it at least 7.875pt, for example:
(fancyhdr)                \setlength{\footskip}{7.875pt}.

[24]
<Figuras/DFgeneral.pdf, id=519, 340.27126pt x 340.27126pt>
File: Figuras/DFgeneral.pdf Graphic file (type pdf)
<use Figuras/DFgeneral.pdf>
Package pdftex.def Info: Figuras/DFgeneral.pdf  used on input line 2162.
(pdftex.def)             Requested size: 340.28598pt x 340.28598pt.
File: logoifop.png Graphic file (type png)
<use logoifop.png>
Package pdftex.def Info: logoifop.png  used on input line 2168.
(pdftex.def)             Requested size: 35.29353pt x 42.6774pt.

Package fancyhdr Warning: \footskip is too small (5.0pt): 
(fancyhdr)                Make it at least 7.875pt, for example:
(fancyhdr)                \setlength{\footskip}{7.875pt}.

[25]
File: logoifop.png Graphic file (type png)
<use logoifop.png>
Package pdftex.def Info: logoifop.png  used on input line 2213.
(pdftex.def)             Requested size: 35.29353pt x 42.6774pt.

Package fancyhdr Warning: \footskip is too small (5.0pt): 
(fancyhdr)                Make it at least 7.875pt, for example:
(fancyhdr)                \setlength{\footskip}{7.875pt}.

[26 <./Figuras/DFgeneral.pdf>]
<Figuras/RproyMetodologia-1.pdf, id=539, 433.62pt x 216.81pt>
File: Figuras/RproyMetodologia-1.pdf Graphic file (type pdf)
<use Figuras/RproyMetodologia-1.pdf>
Package pdftex.def Info: Figuras/RproyMetodologia-1.pdf  used on input line 221
6.
(pdftex.def)             Requested size: 377.64334pt x 188.82166pt.
File: logoifop.png Graphic file (type png)
<use logoifop.png>
Package pdftex.def Info: logoifop.png  used on input line 2374.
(pdftex.def)             Requested size: 35.29353pt x 42.6774pt.

Package fancyhdr Warning: \footskip is too small (5.0pt): 
(fancyhdr)                Make it at least 7.875pt, for example:
(fancyhdr)                \setlength{\footskip}{7.875pt}.

[27 <./Figuras/RproyMetodologia-1.pdf>]
File: logoifop.png Graphic file (type png)
<use logoifop.png>
Package pdftex.def Info: logoifop.png  used on input line 2395.
(pdftex.def)             Requested size: 35.29353pt x 42.6774pt.

Package fancyhdr Warning: \footskip is too small (5.0pt): 
(fancyhdr)                Make it at least 7.875pt, for example:
(fancyhdr)                \setlength{\footskip}{7.875pt}.

[28]
File: logoifop.png Graphic file (type png)
<use logoifop.png>
Package pdftex.def Info: logoifop.png  used on input line 2490.
(pdftex.def)             Requested size: 35.29353pt x 42.6774pt.

Package fancyhdr Warning: \footskip is too small (5.0pt): 
(fancyhdr)                Make it at least 7.875pt, for example:
(fancyhdr)                \setlength{\footskip}{7.875pt}.

[29]
File: logoifop.png Graphic file (type png)
<use logoifop.png>
Package pdftex.def Info: logoifop.png  used on input line 2722.
(pdftex.def)             Requested size: 35.29353pt x 42.6774pt.

Package fancyhdr Warning: \footskip is too small (5.0pt): 
(fancyhdr)                Make it at least 7.875pt, for example:
(fancyhdr)                \setlength{\footskip}{7.875pt}.

[30]
File: logoifop.png Graphic file (type png)
<use logoifop.png>
Package pdftex.def Info: logoifop.png  used on input line 2822.
(pdftex.def)             Requested size: 35.29353pt x 42.6774pt.

Package fancyhdr Warning: \footskip is too small (5.0pt): 
(fancyhdr)                Make it at least 7.875pt, for example:
(fancyhdr)                \setlength{\footskip}{7.875pt}.

[31]
<Figuras/Desembarques_cuotas_supuestos.pdf, id=583, 347.2975pt x 230.8625pt>
File: Figuras/Desembarques_cuotas_supuestos.pdf Graphic file (type pdf)
<use Figuras/Desembarques_cuotas_supuestos.pdf>
Package pdftex.def Info: Figuras/Desembarques_cuotas_supuestos.pdf  used on inp
ut line 2825.
(pdftex.def)             Requested size: 330.43419pt x 219.65277pt.
<Figuras/DesembarquesMensuales.pdf, id=584, 385.44pt x 228.855pt>
File: Figuras/DesembarquesMensuales.pdf Graphic file (type pdf)
<use Figuras/DesembarquesMensuales.pdf>
Package pdftex.def Info: Figuras/DesembarquesMensuales.pdf  used on input line 
2832.
(pdftex.def)             Requested size: 330.41917pt x 196.18637pt.
File: logoifop.png Graphic file (type png)
<use logoifop.png>
Package pdftex.def Info: logoifop.png  used on input line 2843.
(pdftex.def)             Requested size: 35.29353pt x 42.6774pt.

Package fancyhdr Warning: \footskip is too small (5.0pt): 
(fancyhdr)                Make it at least 7.875pt, for example:
(fancyhdr)                \setlength{\footskip}{7.875pt}.

[32 <./Figuras/Desembarques_cuotas_supuestos.pdf> <./Figuras/DesembarquesMensua
les.pdf>]
<Figuras/seriehistoricaCPUE.pdf, id=608, 358.33875pt x 255.95625pt>
File: Figuras/seriehistoricaCPUE.pdf Graphic file (type pdf)
<use Figuras/seriehistoricaCPUE.pdf>
Package pdftex.def Info: Figuras/seriehistoricaCPUE.pdf  used on input line 285
4.
(pdftex.def)             Requested size: 330.44115pt x 236.02937pt.
File: logoifop.png Graphic file (type png)
<use logoifop.png>
Package pdftex.def Info: logoifop.png  used on input line 2904.
(pdftex.def)             Requested size: 35.29353pt x 42.6774pt.

Package fancyhdr Warning: \footskip is too small (5.0pt): 
(fancyhdr)                Make it at least 7.875pt, for example:
(fancyhdr)                \setlength{\footskip}{7.875pt}.

[33 <./Figuras/seriehistoricaCPUE.pdf>]
<Figuras/BiomasasCrucerosAcústicos.pdf, id=623, 392.46625pt x 261.97874pt>
File: Figuras/BiomasasCrucerosAcústicos.pdf Graphic file (type pdf)
<use Figuras/BiomasasCrucerosAcústicos.pdf>
Package pdftex.def Info: Figuras/BiomasasCrucerosAcústicos.pdf  used on input 
line 2951.
(pdftex.def)             Requested size: 330.44191pt x 220.57631pt.
File: logoifop.png Graphic file (type png)
<use logoifop.png>
Package pdftex.def Info: logoifop.png  used on input line 2957.
(pdftex.def)             Requested size: 35.29353pt x 42.6774pt.

Package fancyhdr Warning: \footskip is too small (5.0pt): 
(fancyhdr)                Make it at least 7.875pt, for example:
(fancyhdr)                \setlength{\footskip}{7.875pt}.

[34 <./Figuras/BiomasasCrucerosAcústicos.pdf>]
<Figuras/TallasFlotas.pdf, id=635, 416.55624pt x 416.55624pt>
File: Figuras/TallasFlotas.pdf Graphic file (type pdf)
<use Figuras/TallasFlotas.pdf>
Package pdftex.def Info: Figuras/TallasFlotas.pdf  used on input line 2971.
(pdftex.def)             Requested size: 416.57428pt x 416.57428pt.
File: logoifop.png Graphic file (type png)
<use logoifop.png>
Package pdftex.def Info: logoifop.png  used on input line 2977.
(pdftex.def)             Requested size: 35.29353pt x 42.6774pt.

Package fancyhdr Warning: \footskip is too small (5.0pt): 
(fancyhdr)                Make it at least 7.875pt, for example:
(fancyhdr)                \setlength{\footskip}{7.875pt}.

[35 <./Figuras/TallasFlotas.pdf>]
<Figuras/TallasCruceros.pdf, id=648, 429.605pt x 429.605pt>
File: Figuras/TallasCruceros.pdf Graphic file (type pdf)
<use Figuras/TallasCruceros.pdf>
Package pdftex.def Info: Figuras/TallasCruceros.pdf  used on input line 2980.
(pdftex.def)             Requested size: 424.83173pt x 424.83173pt.
File: logoifop.png Graphic file (type png)
<use logoifop.png>
Package pdftex.def Info: logoifop.png  used on input line 3008.
(pdftex.def)             Requested size: 35.29353pt x 42.6774pt.

Package fancyhdr Warning: \footskip is too small (5.0pt): 
(fancyhdr)                Make it at least 7.875pt, for example:
(fancyhdr)                \setlength{\footskip}{7.875pt}.

[36 <./Figuras/TallasCruceros.pdf>]
<Figuras/EstructurasTallasMensuales_1.pdf, id=661, 360.34625pt x 450.68375pt>
File: Figuras/EstructurasTallasMensuales_1.pdf Graphic file (type pdf)
<use Figuras/EstructurasTallasMensuales_1.pdf>
Package pdftex.def Info: Figuras/EstructurasTallasMensuales_1.pdf  used on inpu
t line 3011.
(pdftex.def)             Requested size: 360.36186pt x 450.70326pt.
File: logoifop.png Graphic file (type png)
<use logoifop.png>
Package pdftex.def Info: logoifop.png  used on input line 3017.
(pdftex.def)             Requested size: 35.29353pt x 42.6774pt.

Package fancyhdr Warning: \footskip is too small (5.0pt): 
(fancyhdr)                Make it at least 7.875pt, for example:
(fancyhdr)                \setlength{\footskip}{7.875pt}.

[37 <./Figuras/EstructurasTallasMensuales_1.pdf>]
<Figuras/EstructurasTallasMensuales_2.pdf, id=671, 368.37625pt x 460.72125pt>
File: Figuras/EstructurasTallasMensuales_2.pdf Graphic file (type pdf)
<use Figuras/EstructurasTallasMensuales_2.pdf>
Package pdftex.def Info: Figuras/EstructurasTallasMensuales_2.pdf  used on inpu
t line 3020.
(pdftex.def)             Requested size: 368.37534pt x 460.72012pt.
File: logoifop.png Graphic file (type png)
<use logoifop.png>
Package pdftex.def Info: logoifop.png  used on input line 3035.
(pdftex.def)             Requested size: 35.29353pt x 42.6774pt.

Package fancyhdr Warning: \footskip is too small (5.0pt): 
(fancyhdr)                Make it at least 7.875pt, for example:
(fancyhdr)                \setlength{\footskip}{7.875pt}.

[38 <./Figuras/EstructurasTallasMensuales_2.pdf>]
<Figuras/EstructurasTallasCruceros_flota.pdf, id=682, 443.6575pt x 230.8625pt>
File: Figuras/EstructurasTallasCruceros_flota.pdf Graphic file (type pdf)
<use Figuras/EstructurasTallasCruceros_flota.pdf>
Package pdftex.def Info: Figuras/EstructurasTallasCruceros_flota.pdf  used on i
nput line 3038.
(pdftex.def)             Requested size: 424.8232pt x 221.06184pt.
<Figuras/ojivaMadurez.pdf, id=684, 316.18124pt x 212.795pt>
File: Figuras/ojivaMadurez.pdf Graphic file (type pdf)
<use Figuras/ojivaMadurez.pdf>
Package pdftex.def Info: Figuras/ojivaMadurez.pdf  used on input line 3064.
(pdftex.def)             Requested size: 316.19975pt x 212.80745pt.
File: logoifop.png Graphic file (type png)
<use logoifop.png>
Package pdftex.def Info: logoifop.png  used on input line 3070.
(pdftex.def)             Requested size: 35.29353pt x 42.6774pt.

Package fancyhdr Warning: \footskip is too small (5.0pt): 
(fancyhdr)                Make it at least 7.875pt, for example:
(fancyhdr)                \setlength{\footskip}{7.875pt}.

[39 <./Figuras/EstructurasTallasCruceros_flota.pdf> <./Figuras/ojivaMadurez.pdf
>]
<Figuras/curvaCrecimiento.pdf, id=725, 290.08376pt x 180.675pt>
File: Figuras/curvaCrecimiento.pdf Graphic file (type pdf)
<use Figuras/curvaCrecimiento.pdf>
Package pdftex.def Info: Figuras/curvaCrecimiento.pdf  used on input line 3089.

(pdftex.def)             Requested size: 290.08304pt x 180.67455pt.
File: logoifop.png Graphic file (type png)
<use logoifop.png>
Package pdftex.def Info: logoifop.png  used on input line 3121.
(pdftex.def)             Requested size: 35.29353pt x 42.6774pt.

Package fancyhdr Warning: \footskip is too small (5.0pt): 
(fancyhdr)                Make it at least 7.875pt, for example:
(fancyhdr)                \setlength{\footskip}{7.875pt}.

[40 <./Figuras/curvaCrecimiento.pdf>]
File: logoifop.png Graphic file (type png)
<use logoifop.png>
Package pdftex.def Info: logoifop.png  used on input line 3164.
(pdftex.def)             Requested size: 35.29353pt x 42.6774pt.

Package fancyhdr Warning: \footskip is too small (5.0pt): 
(fancyhdr)                Make it at least 7.875pt, for example:
(fancyhdr)                \setlength{\footskip}{7.875pt}.

[41]
File: logoifop.png Graphic file (type png)
<use logoifop.png>
Package pdftex.def Info: logoifop.png  used on input line 3186.
(pdftex.def)             Requested size: 35.29353pt x 42.6774pt.

Package fancyhdr Warning: \footskip is too small (5.0pt): 
(fancyhdr)                Make it at least 7.875pt, for example:
(fancyhdr)                \setlength{\footskip}{7.875pt}.

[42]

LaTeX Warning: Command \textasciiacute invalid in math mode on input line 3233.


Package textcomp Info: Symbol \textasciiacute not provided by
(textcomp)             font family phv in TS1 encoding.
(textcomp)             Default family used instead on input line 3233.

LaTeX Warning: Command \textasciiacute invalid in math mode on input line 3233.



LaTeX Warning: Command \textasciiacute invalid in math mode on input line 3233.


File: logoifop.png Graphic file (type png)
<use logoifop.png>
Package pdftex.def Info: logoifop.png  used on input line 3272.
(pdftex.def)             Requested size: 35.29353pt x 42.6774pt.

Package fancyhdr Warning: \footskip is too small (5.0pt): 
(fancyhdr)                Make it at least 7.875pt, for example:
(fancyhdr)                \setlength{\footskip}{7.875pt}.

[43]
<Figuras/clave_tallatalla-1.pdf, id=791, 397.485pt x 252.945pt>
File: Figuras/clave_tallatalla-1.pdf Graphic file (type pdf)
<use Figuras/clave_tallatalla-1.pdf>
Package pdftex.def Info: Figuras/clave_tallatalla-1.pdf  used on input line 327
3.
(pdftex.def)             Requested size: 397.49008pt x 252.94823pt.
<Figuras/patronReclutamiento-1.pdf, id=792, 397.485pt x 252.945pt>
File: Figuras/patronReclutamiento-1.pdf Graphic file (type pdf)
<use Figuras/patronReclutamiento-1.pdf>
Package pdftex.def Info: Figuras/patronReclutamiento-1.pdf  used on input line 
3280.
(pdftex.def)             Requested size: 397.49008pt x 252.94823pt.
<Figuras/AbundanciaTotal_base-1.pdf, id=793, 505.89pt x 289.08pt>
File: Figuras/AbundanciaTotal_base-1.pdf Graphic file (type pdf)
<use Figuras/AbundanciaTotal_base-1.pdf>
Package pdftex.def Info: Figuras/AbundanciaTotal_base-1.pdf  used on input line
 3287.
(pdftex.def)             Requested size: 472.03983pt x 269.73705pt.
File: logoifop.png Graphic file (type png)
<use logoifop.png>
Package pdftex.def Info: logoifop.png  used on input line 3287.
(pdftex.def)             Requested size: 35.29353pt x 42.6774pt.

Package fancyhdr Warning: \footskip is too small (5.0pt): 
(fancyhdr)                Make it at least 7.875pt, for example:
(fancyhdr)                \setlength{\footskip}{7.875pt}.

[44 <./Figuras/clave_tallatalla-1.pdf> <./Figuras/patronReclutamiento-1.pdf>]
<Figuras/clave_edadtalla-1.pdf, id=811, 433.62pt x 252.945pt>
File: Figuras/clave_edadtalla-1.pdf Graphic file (type pdf)
<use Figuras/clave_edadtalla-1.pdf>
Package pdftex.def Info: Figuras/clave_edadtalla-1.pdf  used on input line 3340
.
(pdftex.def)             Requested size: 433.62555pt x 252.94823pt.
File: logoifop.png Graphic file (type png)
<use logoifop.png>
Package pdftex.def Info: logoifop.png  used on input line 3340.
(pdftex.def)             Requested size: 35.29353pt x 42.6774pt.

Package fancyhdr Warning: \footskip is too small (5.0pt): 
(fancyhdr)                Make it at least 7.875pt, for example:
(fancyhdr)                \setlength{\footskip}{7.875pt}.

[45 <./Figuras/AbundanciaTotal_base-1.pdf>]
<Figuras/AbundanciaTotal_alternativo-1.pdf, id=827, 433.62pt x 289.08pt>
File: Figuras/AbundanciaTotal_alternativo-1.pdf Graphic file (type pdf)
<use Figuras/AbundanciaTotal_alternativo-1.pdf>
Package pdftex.def Info: Figuras/AbundanciaTotal_alternativo-1.pdf  used on inp
ut line 3346.
(pdftex.def)             Requested size: 433.63878pt x 289.09251pt.
File: logoifop.png Graphic file (type png)
<use logoifop.png>
Package pdftex.def Info: logoifop.png  used on input line 3352.
(pdftex.def)             Requested size: 35.29353pt x 42.6774pt.

Package fancyhdr Warning: \footskip is too small (5.0pt): 
(fancyhdr)                Make it at least 7.875pt, for example:
(fancyhdr)                \setlength{\footskip}{7.875pt}.

[46 <./Figuras/clave_edadtalla-1.pdf> <./Figuras/AbundanciaTotal_alternativo-1.
pdf>]
<Figuras/Ajustes_indices-1.pdf, id=844, 397.485pt x 469.755pt>
File: Figuras/Ajustes_indices-1.pdf Graphic file (type pdf)
<use Figuras/Ajustes_indices-1.pdf>
Package pdftex.def Info: Figuras/Ajustes_indices-1.pdf  used on input line 3427
.
(pdftex.def)             Requested size: 397.48402pt x 469.75386pt.
File: logoifop.png Graphic file (type png)
<use logoifop.png>
Package pdftex.def Info: logoifop.png  used on input line 3427.
(pdftex.def)             Requested size: 35.29353pt x 42.6774pt.

Package fancyhdr Warning: \footskip is too small (5.0pt): 
(fancyhdr)                Make it at least 7.875pt, for example:
(fancyhdr)                \setlength{\footskip}{7.875pt}.

[47]
<Figuras/residuales_indices1-1.pdf, id=852, 650.43pt x 794.97pt>
File: Figuras/residuales_indices1-1.pdf Graphic file (type pdf)
<use Figuras/residuales_indices1-1.pdf>
Package pdftex.def Info: Figuras/residuales_indices1-1.pdf  used on input line 
3434.
(pdftex.def)             Requested size: 472.04094pt x 576.93895pt.
File: logoifop.png Graphic file (type png)
<use logoifop.png>
Package pdftex.def Info: logoifop.png  used on input line 3434.
(pdftex.def)             Requested size: 35.29353pt x 42.6774pt.

Package fancyhdr Warning: \footskip is too small (5.0pt): 
(fancyhdr)                Make it at least 7.875pt, for example:
(fancyhdr)                \setlength{\footskip}{7.875pt}.

[48 <./Figuras/Ajustes_indices-1.pdf>]
<Figuras/Comp_Flota-1.pdf, id=862, 433.62pt x 433.62pt>
File: Figuras/Comp_Flota-1.pdf Graphic file (type pdf)
<use Figuras/Comp_Flota-1.pdf>
Package pdftex.def Info: Figuras/Comp_Flota-1.pdf  used on input line 3441.
(pdftex.def)             Requested size: 433.63878pt x 433.63878pt.
File: logoifop.png Graphic file (type png)
<use logoifop.png>
Package pdftex.def Info: logoifop.png  used on input line 3441.
(pdftex.def)             Requested size: 35.29353pt x 42.6774pt.

Package fancyhdr Warning: \footskip is too small (5.0pt): 
(fancyhdr)                Make it at least 7.875pt, for example:
(fancyhdr)                \setlength{\footskip}{7.875pt}.

[49 <./Figuras/residuales_indices1-1.pdf>]
File: logoifop.png Graphic file (type png)
<use logoifop.png>
Package pdftex.def Info: logoifop.png  used on input line 3449.
(pdftex.def)             Requested size: 35.29353pt x 42.6774pt.

Package fancyhdr Warning: \footskip is too small (5.0pt): 
(fancyhdr)                Make it at least 7.875pt, for example:
(fancyhdr)                \setlength{\footskip}{7.875pt}.

[50 <./Figuras/Comp_Flota-1.pdf>]
<Figuras/Comp_Crucero-1.pdf, id=882, 505.89pt x 505.89pt>
File: Figuras/Comp_Crucero-1.pdf Graphic file (type pdf)
<use Figuras/Comp_Crucero-1.pdf>
Package pdftex.def Info: Figuras/Comp_Crucero-1.pdf  used on input line 3450.
(pdftex.def)             Requested size: 472.03983pt x 472.03983pt.
<Figuras/Residuos_comp-1.pdf, id=883, 578.16pt x 361.35pt>
File: Figuras/Residuos_comp-1.pdf Graphic file (type pdf)
<use Figuras/Residuos_comp-1.pdf>
Package pdftex.def Info: Figuras/Residuos_comp-1.pdf  used on input line 3458.
(pdftex.def)             Requested size: 472.02992pt x 295.0187pt.
File: logoifop.png Graphic file (type png)
<use logoifop.png>
Package pdftex.def Info: logoifop.png  used on input line 3458.
(pdftex.def)             Requested size: 35.29353pt x 42.6774pt.

Package fancyhdr Warning: \footskip is too small (5.0pt): 
(fancyhdr)                Make it at least 7.875pt, for example:
(fancyhdr)                \setlength{\footskip}{7.875pt}.

[51 <./Figuras/Comp_Crucero-1.pdf>]
<Figuras/Residuos_comp_alternaitvos-1.pdf, id=893, 578.16pt x 361.35pt>
File: Figuras/Residuos_comp_alternaitvos-1.pdf Graphic file (type pdf)
<use Figuras/Residuos_comp_alternaitvos-1.pdf>
Package pdftex.def Info: Figuras/Residuos_comp_alternaitvos-1.pdf  used on inpu
t line 3465.
(pdftex.def)             Requested size: 472.02992pt x 295.0187pt.
File: logoifop.png Graphic file (type png)
<use logoifop.png>
Package pdftex.def Info: logoifop.png  used on input line 3473.
(pdftex.def)             Requested size: 35.29353pt x 42.6774pt.

Package fancyhdr Warning: \footskip is too small (5.0pt): 
(fancyhdr)                Make it at least 7.875pt, for example:
(fancyhdr)                \setlength{\footskip}{7.875pt}.

[52 <./Figuras/Residuos_comp-1.pdf> <./Figuras/Residuos_comp_alternaitvos-1.pdf
>]
File: logoifop.png Graphic file (type png)
<use logoifop.png>
Package pdftex.def Info: logoifop.png  used on input line 3485.
(pdftex.def)             Requested size: 35.29353pt x 42.6774pt.

Package fancyhdr Warning: \footskip is too small (5.0pt): 
(fancyhdr)                Make it at least 7.875pt, for example:
(fancyhdr)                \setlength{\footskip}{7.875pt}.

[53]
File: logoifop.png Graphic file (type png)
<use logoifop.png>
Package pdftex.def Info: logoifop.png  used on input line 3497.
(pdftex.def)             Requested size: 35.29353pt x 42.6774pt.

Package fancyhdr Warning: \footskip is too small (5.0pt): 
(fancyhdr)                Make it at least 7.875pt, for example:
(fancyhdr)                \setlength{\footskip}{7.875pt}.

[54]
<Figuras/Variables_poblacionales-1.pdf, id=916, 722.7pt x 578.16pt>
File: Figuras/Variables_poblacionales-1.pdf Graphic file (type pdf)
<use Figuras/Variables_poblacionales-1.pdf>
Package pdftex.def Info: Figuras/Variables_poblacionales-1.pdf  used on input l
ine 3521.
(pdftex.def)             Requested size: 472.03212pt x 377.6257pt.
<Figuras/selectividad-1.pdf, id=917, 722.7pt x 578.16pt>
File: Figuras/selectividad-1.pdf Graphic file (type pdf)
<use Figuras/selectividad-1.pdf>
Package pdftex.def Info: Figuras/selectividad-1.pdf  used on input line 3527.
(pdftex.def)             Requested size: 472.03212pt x 377.6257pt.
File: logoifop.png Graphic file (type png)
<use logoifop.png>
Package pdftex.def Info: logoifop.png  used on input line 3527.
(pdftex.def)             Requested size: 35.29353pt x 42.6774pt.

Package fancyhdr Warning: \footskip is too small (5.0pt): 
(fancyhdr)                Make it at least 7.67097pt, for example:
(fancyhdr)                \setlength{\footskip}{7.67097pt}.

[55 <./Figuras/Variables_poblacionales-1.pdf>]
File: logoifop.png Graphic file (type png)
<use logoifop.png>
Package pdftex.def Info: logoifop.png  used on input line 3563.
(pdftex.def)             Requested size: 35.29353pt x 42.6774pt.

Package fancyhdr Warning: \footskip is too small (5.0pt): 
(fancyhdr)                Make it at least 7.875pt, for example:
(fancyhdr)                \setlength{\footskip}{7.875pt}.

[56 <./Figuras/selectividad-1.pdf>]
<Figuras/BD0_BDRMS_BDLIM-1.pdf, id=945, 722.7pt x 578.16pt>
File: Figuras/BD0_BDRMS_BDLIM-1.pdf Graphic file (type pdf)
<use Figuras/BD0_BDRMS_BDLIM-1.pdf>
Package pdftex.def Info: Figuras/BD0_BDRMS_BDLIM-1.pdf  used on input line 3593
.
(pdftex.def)             Requested size: 472.03212pt x 377.6257pt.
File: logoifop.png Graphic file (type png)
<use logoifop.png>
Package pdftex.def Info: logoifop.png  used on input line 3600.
(pdftex.def)             Requested size: 35.29353pt x 42.6774pt.

Package fancyhdr Warning: \footskip is too small (5.0pt): 
(fancyhdr)                Make it at least 7.67097pt, for example:
(fancyhdr)                \setlength{\footskip}{7.67097pt}.

[57 <./Figuras/BD0_BDRMS_BDLIM-1.pdf>]
<Figuras/estatus-1.pdf, id=960, 650.43pt x 505.89pt>
File: Figuras/estatus-1.pdf Graphic file (type pdf)
<use Figuras/estatus-1.pdf>
Package pdftex.def Info: Figuras/estatus-1.pdf  used on input line 3601.
(pdftex.def)             Requested size: 472.04094pt x 367.14294pt.
File: logoifop.png Graphic file (type png)
<use logoifop.png>
Package pdftex.def Info: logoifop.png  used on input line 3608.
(pdftex.def)             Requested size: 35.29353pt x 42.6774pt.

Package fancyhdr Warning: \footskip is too small (5.0pt): 
(fancyhdr)                Make it at least 7.875pt, for example:
(fancyhdr)                \setlength{\footskip}{7.875pt}.

[58 <./Figuras/estatus-1.pdf>]
<Figuras/asesorias_previas-1.pdf, id=974, 722.7pt x 578.16pt>
File: Figuras/asesorias_previas-1.pdf Graphic file (type pdf)
<use Figuras/asesorias_previas-1.pdf>
Package pdftex.def Info: Figuras/asesorias_previas-1.pdf  used on input line 36
26.
(pdftex.def)             Requested size: 472.03212pt x 377.6257pt.
File: logoifop.png Graphic file (type png)
<use logoifop.png>
Package pdftex.def Info: logoifop.png  used on input line 3633.
(pdftex.def)             Requested size: 35.29353pt x 42.6774pt.

Package fancyhdr Warning: \footskip is too small (5.0pt): 
(fancyhdr)                Make it at least 7.875pt, for example:
(fancyhdr)                \setlength{\footskip}{7.875pt}.

[59 <./Figuras/asesorias_previas-1.pdf>]
<Figuras/DiagramaFase_modelobaseJUNIO-1.pdf, id=985, 289.08pt x 289.08pt>
File: Figuras/DiagramaFase_modelobaseJUNIO-1.pdf Graphic file (type pdf)
<use Figuras/DiagramaFase_modelobaseJUNIO-1.pdf>
Package pdftex.def Info: Figuras/DiagramaFase_modelobaseJUNIO-1.pdf  used on in
put line 3634.
(pdftex.def)             Requested size: 289.09251pt x 289.09251pt.
<Figuras/DiagramaFase_modelobase-1.pdf, id=986, 289.08pt x 289.08pt>
File: Figuras/DiagramaFase_modelobase-1.pdf Graphic file (type pdf)
<use Figuras/DiagramaFase_modelobase-1.pdf>
Package pdftex.def Info: Figuras/DiagramaFase_modelobase-1.pdf  used on input l
ine 3636.
(pdftex.def)             Requested size: 289.09251pt x 289.09251pt.
LaTeX Font Info:    External font `lmex10' loaded for size
(Font)              <8> on input line 3639.
<Figuras/DiagramaFase_modeloalternativoJUNIO-1.pdf, id=987, 289.08pt x 289.08pt
>
File: Figuras/DiagramaFase_modeloalternativoJUNIO-1.pdf Graphic file (type pdf)

<use Figuras/DiagramaFase_modeloalternativoJUNIO-1.pdf>
Package pdftex.def Info: Figuras/DiagramaFase_modeloalternativoJUNIO-1.pdf  use
d on input line 3642.
(pdftex.def)             Requested size: 289.09251pt x 289.09251pt.
File: logoifop.png Graphic file (type png)
<use logoifop.png>
Package pdftex.def Info: logoifop.png  used on input line 3642.
(pdftex.def)             Requested size: 35.29353pt x 42.6774pt.

Package fancyhdr Warning: \footskip is too small (5.0pt): 
(fancyhdr)                Make it at least 7.875pt, for example:
(fancyhdr)                \setlength{\footskip}{7.875pt}.

[60 <./Figuras/DiagramaFase_modelobaseJUNIO-1.pdf> <./Figuras/DiagramaFase_mode
lobase-1.pdf>]
<Figuras/DiagramaFase_modeloalternativo-1.pdf, id=1005, 289.08pt x 289.08pt>
File: Figuras/DiagramaFase_modeloalternativo-1.pdf Graphic file (type pdf)
<use Figuras/DiagramaFase_modeloalternativo-1.pdf>
Package pdftex.def Info: Figuras/DiagramaFase_modeloalternativo-1.pdf  used on 
input line 3644.
(pdftex.def)             Requested size: 289.09251pt x 289.09251pt.
File: logoifop.png Graphic file (type png)
<use logoifop.png>
Package pdftex.def Info: logoifop.png  used on input line 3651.
(pdftex.def)             Requested size: 35.29353pt x 42.6774pt.

Package fancyhdr Warning: \footskip is too small (5.0pt): 
(fancyhdr)                Make it at least 7.875pt, for example:
(fancyhdr)                \setlength{\footskip}{7.875pt}.

[61 <./Figuras/DiagramaFase_modeloalternativoJUNIO-1.pdf> <./Figuras/DiagramaFa
se_modeloalternativo-1.pdf>]
File: logoifop.png Graphic file (type png)
<use logoifop.png>
Package pdftex.def Info: logoifop.png  used on input line 3695.
(pdftex.def)             Requested size: 35.29353pt x 42.6774pt.

Package fancyhdr Warning: \footskip is too small (5.0pt): 
(fancyhdr)                Make it at least 7.875pt, for example:
(fancyhdr)                \setlength{\footskip}{7.875pt}.

[62]
<Figuras/Rproy_sept2019-1.pdf, id=1029, 505.89pt x 289.08pt>
File: Figuras/Rproy_sept2019-1.pdf Graphic file (type pdf)
<use Figuras/Rproy_sept2019-1.pdf>
Package pdftex.def Info: Figuras/Rproy_sept2019-1.pdf  used on input line 3696.

(pdftex.def)             Requested size: 472.03983pt x 269.73705pt.
File: logoifop.png Graphic file (type png)
<use logoifop.png>
Package pdftex.def Info: logoifop.png  used on input line 4047.
(pdftex.def)             Requested size: 35.29353pt x 42.6774pt.

Package fancyhdr Warning: \footskip is too small (5.0pt): 
(fancyhdr)                Make it at least 7.875pt, for example:
(fancyhdr)                \setlength{\footskip}{7.875pt}.

[63 <./Figuras/Rproy_sept2019-1.pdf>]
<Figuras/CBAalatalla_CBA2020_sept2019-1.pdf, id=1041, 505.89pt x 361.35pt>
File: Figuras/CBAalatalla_CBA2020_sept2019-1.pdf Graphic file (type pdf)
<use Figuras/CBAalatalla_CBA2020_sept2019-1.pdf>
Package pdftex.def Info: Figuras/CBAalatalla_CBA2020_sept2019-1.pdf  used on in
put line 4048.
(pdftex.def)             Requested size: 472.03983pt x 337.17133pt.
<Figuras/Densidad_CBA2020_sept2019-1.pdf, id=1042, 505.89pt x 208.78pt>
File: Figuras/Densidad_CBA2020_sept2019-1.pdf Graphic file (type pdf)
<use Figuras/Densidad_CBA2020_sept2019-1.pdf>
Package pdftex.def Info: Figuras/Densidad_CBA2020_sept2019-1.pdf  used on input
 line 4054.
(pdftex.def)             Requested size: 472.03983pt x 194.81007pt.
<Figuras/Rproy-1.pdf, id=1043, 505.89pt x 361.35pt>
File: Figuras/Rproy-1.pdf Graphic file (type pdf)
<use Figuras/Rproy-1.pdf>
Package pdftex.def Info: Figuras/Rproy-1.pdf  used on input line 4060.
(pdftex.def)             Requested size: 472.03983pt x 337.17133pt.
File: logoifop.png Graphic file (type png)
<use logoifop.png>
Package pdftex.def Info: logoifop.png  used on input line 4060.
(pdftex.def)             Requested size: 35.29353pt x 42.6774pt.

Package fancyhdr Warning: \footskip is too small (5.0pt): 
(fancyhdr)                Make it at least 7.875pt, for example:
(fancyhdr)                \setlength{\footskip}{7.875pt}.

[64 <./Figuras/CBAalatalla_CBA2020_sept2019-1.pdf> <./Figuras/Densidad_CBA2020_
sept2019-1.pdf>]
<Figuras/Densidad_CBA2021-1.pdf, id=1064, 505.89pt x 216.81pt>
File: Figuras/Densidad_CBA2021-1.pdf Graphic file (type pdf)
<use Figuras/Densidad_CBA2021-1.pdf>
Package pdftex.def Info: Figuras/Densidad_CBA2021-1.pdf  used on input line 406
6.
(pdftex.def)             Requested size: 472.03983pt x 202.30278pt.
File: logoifop.png Graphic file (type png)
<use logoifop.png>
Package pdftex.def Info: logoifop.png  used on input line 4073.
(pdftex.def)             Requested size: 35.29353pt x 42.6774pt.

Package fancyhdr Warning: \footskip is too small (5.0pt): 
(fancyhdr)                Make it at least 7.875pt, for example:
(fancyhdr)                \setlength{\footskip}{7.875pt}.

[65 <./Figuras/Rproy-1.pdf> <./Figuras/Densidad_CBA2021-1.pdf>]
<Figuras/Densidad_CBA2020-1.pdf, id=1086, 289.08pt x 418.56375pt>
File: Figuras/Densidad_CBA2020-1.pdf Graphic file (type pdf)
<use Figuras/Densidad_CBA2020-1.pdf>
Package pdftex.def Info: Figuras/Densidad_CBA2020-1.pdf  used on input line 422
8.
(pdftex.def)             Requested size: 289.07928pt x 418.56271pt.
File: logoifop.png Graphic file (type png)
<use logoifop.png>
Package pdftex.def Info: logoifop.png  used on input line 4237.
(pdftex.def)             Requested size: 35.29353pt x 42.6774pt.

Package fancyhdr Warning: \footskip is too small (5.0pt): 
(fancyhdr)                Make it at least 7.875pt, for example:
(fancyhdr)                \setlength{\footskip}{7.875pt}.

[66 <./Figuras/Densidad_CBA2020-1.pdf>]
File: logoifop.png Graphic file (type png)
<use logoifop.png>
Package pdftex.def Info: logoifop.png  used on input line 4340.
(pdftex.def)             Requested size: 35.29353pt x 42.6774pt.

Package fancyhdr Warning: \footskip is too small (5.0pt): 
(fancyhdr)                Make it at least 7.875pt, for example:
(fancyhdr)                \setlength{\footskip}{7.875pt}.

[67]
File: logoifop.png Graphic file (type png)
<use logoifop.png>
Package pdftex.def Info: logoifop.png  used on input line 4408.
(pdftex.def)             Requested size: 35.29353pt x 42.6774pt.

Package fancyhdr Warning: \footskip is too small (5.0pt): 
(fancyhdr)                Make it at least 7.875pt, for example:
(fancyhdr)                \setlength{\footskip}{7.875pt}.

[68]

Package hyperref Warning: Difference (2) between bookmark levels is greater 
(hyperref)                than one, level fixed on input line 4411.

File: logoifop.png Graphic file (type png)
<use logoifop.png>
Package pdftex.def Info: logoifop.png  used on input line 4490.
(pdftex.def)             Requested size: 35.29353pt x 42.6774pt.

Package fancyhdr Warning: \footskip is too small (5.0pt): 
(fancyhdr)                Make it at least 7.875pt, for example:
(fancyhdr)                \setlength{\footskip}{7.875pt}.

[69]
File: logoifop.png Graphic file (type png)
<use logoifop.png>
Package pdftex.def Info: logoifop.png  used on input line 4492.
(pdftex.def)             Requested size: 35.29353pt x 42.6774pt.

Package fancyhdr Warning: \footskip is too small (5.0pt): 
(fancyhdr)                Make it at least 7.875pt, for example:
(fancyhdr)                \setlength{\footskip}{7.875pt}.

[70]
File: logoifop.png Graphic file (type png)
<use logoifop.png>
Package pdftex.def Info: logoifop.png  used on input line 4581.
(pdftex.def)             Requested size: 35.29353pt x 42.6774pt.

Package fancyhdr Warning: \footskip is too small (5.0pt): 
(fancyhdr)                Make it at least 7.875pt, for example:
(fancyhdr)                \setlength{\footskip}{7.875pt}.

[71]
File: logoifop.png Graphic file (type png)
<use logoifop.png>
Package pdftex.def Info: logoifop.png  used on input line 4662.
(pdftex.def)             Requested size: 35.29353pt x 42.6774pt.

Package fancyhdr Warning: \footskip is too small (5.0pt): 
(fancyhdr)                Make it at least 7.875pt, for example:
(fancyhdr)                \setlength{\footskip}{7.875pt}.

[72]

Package caption Warning: Unused \captionsetup[table] on input line 77.
See the caption package documentation for explanation.

File: logoifop.png Graphic file (type png)
<use logoifop.png>
Package pdftex.def Info: logoifop.png  used on input line 4713.
(pdftex.def)             Requested size: 35.29353pt x 42.6774pt.

Package fancyhdr Warning: \footskip is too small (5.0pt): 
(fancyhdr)                Make it at least 7.875pt, for example:
(fancyhdr)                \setlength{\footskip}{7.875pt}.

[73] (./INFORMEFINAL_SARDAUSTRAL_LOSLAGOS.aux
LaTeX Info: Redefining \. on input line 22.
LaTeX Info: Redefining \% on input line 22.
)
Package rerunfilecheck Info: File `INFORMEFINAL_SARDAUSTRAL_LOSLAGOS.out' has n
ot changed.
(rerunfilecheck)             Checksum: C2971DBDE1947B4A42D7457ADF95791F;14167.
 ) 
Here is how much of TeX's memory you used:
 13946 strings out of 480990
 221942 string characters out of 5906108
 559254 words of memory out of 5000000
 30490 multiletter control sequences out of 15000+600000
 472088 words of font info for 91 fonts, out of 8000000 for 9000
 14 hyphenation exceptions out of 8191
 71i,15n,74p,944b,678s stack positions out of 5000i,500n,10000p,200000b,80000s
{/Users/mariajosezunigabasualto/Library/TinyTeX/texmf-dist/fonts/enc/dvips/lm
/lm-mathit.enc}{/Users/mariajosezunigabasualto/Library/TinyTeX/texmf-dist/fonts
/enc/dvips/lm/lm-rm.enc}{/Users/mariajosezunigabasualto/Library/TinyTeX/texmf-d
ist/fonts/enc/dvips/lm/lm-mathsy.enc}{/Users/mariajosezunigabasualto/Library/Ti
nyTeX/texmf-dist/fonts/enc/dvips/lm/lm-mathex.enc}{/Users/mariajosezunigabasual
to/Library/TinyTeX/texmf-dist/fonts/enc/dvips/base/8r.enc}</Users/mariajosezuni
gabasualto/Library/TinyTeX/texmf-dist/fonts/type1/public/lm/lmex10.pfb></Users/
mariajosezunigabasualto/Library/TinyTeX/texmf-dist/fonts/type1/public/lm/lmmi10
.pfb></Users/mariajosezunigabasualto/Library/TinyTeX/texmf-dist/fonts/type1/pub
lic/lm/lmmi5.pfb></Users/mariajosezunigabasualto/Library/TinyTeX/texmf-dist/fon
ts/type1/public/lm/lmmi6.pfb></Users/mariajosezunigabasualto/Library/TinyTeX/te
xmf-dist/fonts/type1/public/lm/lmmi7.pfb></Users/mariajosezunigabasualto/Librar
y/TinyTeX/texmf-dist/fonts/type1/public/lm/lmmi8.pfb></Users/mariajosezunigabas
ualto/Library/TinyTeX/texmf-dist/fonts/type1/public/lm/lmmi9.pfb></Users/mariaj
osezunigabasualto/Library/TinyTeX/texmf-dist/fonts/type1/public/lm/lmr10.pfb></
Users/mariajosezunigabasualto/Library/TinyTeX/texmf-dist/fonts/type1/public/lm/
lmr5.pfb></Users/mariajosezunigabasualto/Library/TinyTeX/texmf-dist/fonts/type1
/public/lm/lmr6.pfb></Users/mariajosezunigabasualto/Library/TinyTeX/texmf-dist/
fonts/type1/public/lm/lmr7.pfb></Users/mariajosezunigabasualto/Library/TinyTeX/
texmf-dist/fonts/type1/public/lm/lmr9.pfb></Users/mariajosezunigabasualto/Libra
ry/TinyTeX/texmf-dist/fonts/type1/public/lm/lmsy10.pfb></Users/mariajosezunigab
asualto/Library/TinyTeX/texmf-dist/fonts/type1/public/lm/lmsy5.pfb></Users/mari
ajosezunigabasualto/Library/TinyTeX/texmf-dist/fonts/type1/public/lm/lmsy6.pfb>
</Users/mariajosezunigabasualto/Library/TinyTeX/texmf-dist/fonts/type1/public/l
m/lmsy7.pfb></Users/mariajosezunigabasualto/Library/TinyTeX/texmf-dist/fonts/ty
pe1/public/lm/lmsy9.pfb></Users/mariajosezunigabasualto/Library/TinyTeX/texmf-d
ist/fonts/type1/urw/helvetic/uhvb8a.pfb></Users/mariajosezunigabasualto/Library
/TinyTeX/texmf-dist/fonts/type1/urw/helvetic/uhvr8a.pfb></Users/mariajosezuniga
basualto/Library/TinyTeX/texmf-dist/fonts/type1/urw/helvetic/uhvro8a.pfb>
Output written on INFORMEFINAL_SARDAUSTRAL_LOSLAGOS.pdf (73 pages, 2946052 byte
s).
PDF statistics:
 1282 PDF objects out of 1440 (max. 8388607)
 1060 compressed objects within 11 object streams
 341 named destinations out of 1000 (max. 500000)
 618 words of extra memory for PDF output out of 10000 (max. 10000000)

